#! /usr/bin/vvp
:ivl_version "11.0 (stable)";
:ivl_delay_selection "TYPICAL";
:vpi_time_precision + 0;
:vpi_module "/usr/lib/x86_64-linux-gnu/ivl/system.vpi";
:vpi_module "/usr/lib/x86_64-linux-gnu/ivl/vhdl_sys.vpi";
:vpi_module "/usr/lib/x86_64-linux-gnu/ivl/vhdl_textio.vpi";
:vpi_module "/usr/lib/x86_64-linux-gnu/ivl/v2005_math.vpi";
:vpi_module "/usr/lib/x86_64-linux-gnu/ivl/va_math.vpi";
S_0x5c7a1de04ba0 .scope module, "fixed_point_arthematic" "fixed_point_arthematic" 2 18;
 .timescale 0 0;
    .port_info 0 /INPUT 1 "clk";
    .port_info 1 /INPUT 17 "operand_1";
    .port_info 2 /INPUT 17 "operand_2";
    .port_info 3 /OUTPUT 18 "sum";
    .port_info 4 /OUTPUT 18 "diff";
    .port_info 5 /OUTPUT 34 "product";
o0x7a50f06b8018 .functor BUFZ 1, C4<z>; HiZ drive
v0x5c7a1de04d50_0 .net "clk", 0 0, o0x7a50f06b8018;  0 drivers
v0x5c7a1de27ad0_0 .var/s "diff", 17 0;
o0x7a50f06b8078 .functor BUFZ 17, C4<zzzzzzzzzzzzzzzzz>; HiZ drive
v0x5c7a1de27bb0_0 .net/s "operand_1", 16 0, o0x7a50f06b8078;  0 drivers
o0x7a50f06b80a8 .functor BUFZ 17, C4<zzzzzzzzzzzzzzzzz>; HiZ drive
v0x5c7a1de27c70_0 .net/s "operand_2", 16 0, o0x7a50f06b80a8;  0 drivers
v0x5c7a1de27d50_0 .var/s "product", 33 0;
v0x5c7a1de27e80_0 .var/s "sum", 17 0;
E_0x5c7a1de18960 .event posedge, v0x5c7a1de04d50_0;
    .scope S_0x5c7a1de04ba0;
T_0 ;
    %wait E_0x5c7a1de18960;
    %load/vec4 v0x5c7a1de27bb0_0;
    %pad/s 18;
    %load/vec4 v0x5c7a1de27c70_0;
    %pad/s 18;
    %ix/load 4, 2, 0;
    %flag_set/imm 4, 0;
    %shiftl 4;
    %add;
    %assign/vec4 v0x5c7a1de27e80_0, 0;
    %load/vec4 v0x5c7a1de27bb0_0;
    %pad/s 18;
    %load/vec4 v0x5c7a1de27c70_0;
    %pad/s 18;
    %ix/load 4, 2, 0;
    %flag_set/imm 4, 0;
    %shiftl 4;
    %sub;
    %assign/vec4 v0x5c7a1de27ad0_0, 0;
    %load/vec4 v0x5c7a1de27bb0_0;
    %pad/s 34;
    %load/vec4 v0x5c7a1de27c70_0;
    %pad/s 34;
    %mul;
    %ix/load 4, 14, 0;
    %flag_set/imm 4, 0;
    %shiftr 4;
    %assign/vec4 v0x5c7a1de27d50_0, 0;
    %jmp T_0;
    .thread T_0;
# The file index is used to find the file name in the following table.
:file_names 3;
    "N/A";
    "<interactive>";
    "Experiment_2.v";
